<?xml version="1.0" encoding="UTF-8"?>
<!-- Generated by org.testng.reporters.JUnitReportReporter -->
<testsuite hostname="DESKTOP-TNM7DN2" failures="0" tests="4" name="EMP.TC003_Update_Emp_Data" time="0.050" errors="0" timestamp="2022-10-08T16:17:01 IST" skipped="0">
  <testcase classname="EMP.TC003_Update_Emp_Data" name="checkStatusLine" time="0.003"/>
  <system-out/>
  <testcase classname="EMP.TC003_Update_Emp_Data" name="checkStatusCode" time="0.006"/>
  <system-out/>
  <testcase classname="EMP.TC003_Update_Emp_Data" name="checkContentType" time="0.013"/>
  <system-out/>
  <testcase classname="EMP.TC003_Update_Emp_Data" name="checkResponceBody" time="0.028"/>
  <system-out/>
</testsuite> <!-- EMP.TC003_Update_Emp_Data -->
