<?xml version="1.0" encoding="UTF-8"?>
<!-- Generated by org.testng.reporters.JUnitReportReporter -->
<testsuite hostname="DESKTOP-TNM7DN2" failures="0" tests="5" name="EMP.TC002_Get_Single_Emp_Data" time="1.223" errors="0" timestamp="2022-10-08T15:07:56 IST" skipped="0">
  <testcase classname="EMP.TC002_Get_Single_Emp_Data" name="CheckName" time="1.201"/>
  <system-out/>
  <testcase classname="EMP.TC002_Get_Single_Emp_Data" name="CheckStatusCode" time="0.005"/>
  <system-out/>
  <testcase classname="EMP.TC002_Get_Single_Emp_Data" name="CheckStatusLine" time="0.003"/>
  <system-out/>
  <testcase classname="EMP.TC002_Get_Single_Emp_Data" name="CheckResponseBody" time="0.004"/>
  <system-out/>
  <testcase classname="EMP.TC002_Get_Single_Emp_Data" name="CheckResponceTime" time="0.010"/>
  <system-out/>
</testsuite> <!-- EMP.TC002_Get_Single_Emp_Data -->
