<?xml version="1.0" encoding="UTF-8"?>
<!-- Generated by org.testng.reporters.JUnitReportReporter -->
<testsuite hostname="DESKTOP-TNM7DN2" failures="0" tests="4" name="EMP.TC05_Delete_Emp_Data" time="0.026" errors="0" timestamp="2022-10-08T16:41:55 IST" skipped="0">
  <testcase classname="EMP.TC05_Delete_Emp_Data" name="CheckStatusLine" time="0.004"/>
  <system-out/>
  <testcase classname="EMP.TC05_Delete_Emp_Data" name="CheckStatusCode" time="0.002"/>
  <system-out/>
  <testcase classname="EMP.TC05_Delete_Emp_Data" name="CheckResponceTime" time="0.016"/>
  <system-out/>
  <testcase classname="EMP.TC05_Delete_Emp_Data" name="CheckResponseBody" time="0.004"/>
  <system-out/>
</testsuite> <!-- EMP.TC05_Delete_Emp_Data -->
