<?xml version="1.0" encoding="UTF-8"?>
<!-- Generated by org.testng.reporters.JUnitReportReporter -->
<testsuite hostname="DESKTOP-TNM7DN2" failures="0" tests="5" name="EMP.TC001_GetAllEmpData" time="0.075" errors="0" timestamp="2022-10-08T15:06:09 IST" skipped="0">
  <testcase classname="EMP.TC001_GetAllEmpData" name="CheckStatusCode" time="0.006"/>
  <system-out/>
  <testcase classname="EMP.TC001_GetAllEmpData" name="CheckResponseBody" time="0.047"/>
  <system-out/>
  <testcase classname="EMP.TC001_GetAllEmpData" name="CheckResponceTime" time="0.015"/>
  <system-out/>
  <testcase classname="EMP.TC001_GetAllEmpData" name="CheckStatusLine" time="0.004"/>
  <system-out/>
  <testcase classname="EMP.TC001_GetAllEmpData" name="ContentType" time="0.003"/>
  <system-out/>
</testsuite> <!-- EMP.TC001_GetAllEmpData -->
